<?xml version="1.0" encoding="UTF-8"?>
<!-- Generated by org.testng.reporters.JUnitXMLReporter -->
<testsuite ignored="0" hostname="DESKTOP-RVJV18D" failures="0" tests="1" name="Default test" time="0.1" errors="0" timestamp="2024-07-17T21:41:04 IST">
  <testcase classname="com.qe.project.testcases.Sign_InTest" name="@BeforeSuite setUp" time="1.596">
    <failure type="org.openqa.selenium.SessionNotCreatedException" message="session not created: This version of ChromeDriver only supports Chrome version 117
Current browser version is 126.0.6478.127 with binary path C:\Program Files\Google\Chrome\Application\chrome.exe
Build info: version: &amp;apos;3.141.59&amp;apos;, revision: &amp;apos;e82be7d358&amp;apos;, time: &amp;apos;2018-11-14T08:25:53&amp;apos;
System info: host: &amp;apos;DESKTOP-RVJV18D&amp;apos;, ip: &amp;apos;192.168.0.113&amp;apos;, os.name: &amp;apos;Windows 10&amp;apos;, os.arch: &amp;apos;amd64&amp;apos;, os.version: &amp;apos;10.0&amp;apos;, java.version: &amp;apos;21.0.2&amp;apos;
Driver info: driver.version: ChromeDriver
remote stacktrace: 	GetHandleVerifier [0x00007FF6D41C78A2+54818]
	(No symbol) [0x00007FF6D4136AD2]
	(No symbol) [0x00007FF6D3FEDA3B]
	(No symbol) [0x00007FF6D4020972]
	(No symbol) [0x00007FF6D401FDCE]
	(No symbol) [0x00007FF6D401AA4B]
	(No symbol) [0x00007FF6D401802E]
	(No symbol) [0x00007FF6D40567FB]
	(No symbol) [0x00007FF6D404E883]
	(No symbol) [0x00007FF6D4023691]
	(No symbol) [0x00007FF6D40248D4]
	GetHandleVerifier [0x00007FF6D452B9A2+3610402]
	GetHandleVerifier [0x00007FF6D4581870+3962352]
	GetHandleVerifier [0x00007FF6D4579D5F+3930847]
	GetHandleVerifier [0x00007FF6D4263656+693206]
	(No symbol) [0x00007FF6D4141638]
	(No symbol) [0x00007FF6D413D944]
	(No symbol) [0x00007FF6D413DA72]
	(No symbol) [0x00007FF6D412E123]
	BaseThreadInitThunk [0x00007FFEE46A7374+20]
	RtlUserThreadStart [0x00007FFEE625CC91+33]
">
      <![CDATA[org.openqa.selenium.SessionNotCreatedException: session not created: This version of ChromeDriver only supports Chrome version 117
Current browser version is 126.0.6478.127 with binary path C:\Program Files\Google\Chrome\Application\chrome.exe
Build info: version: '3.141.59', revision: 'e82be7d358', time: '2018-11-14T08:25:53'
System info: host: 'DESKTOP-RVJV18D', ip: '192.168.0.113', os.name: 'Windows 10', os.arch: 'amd64', os.version: '10.0', java.version: '21.0.2'
Driver info: driver.version: ChromeDriver
remote stacktrace: GetHandleVerifier [0x00007FF6D41C78A2+54818]
(No symbol) [0x00007FF6D4136AD2]
(No symbol) [0x00007FF6D3FEDA3B]
(No symbol) [0x00007FF6D4020972]
(No symbol) [0x00007FF6D401FDCE]
(No symbol) [0x00007FF6D401AA4B]
(No symbol) [0x00007FF6D401802E]
(No symbol) [0x00007FF6D40567FB]
(No symbol) [0x00007FF6D404E883]
(No symbol) [0x00007FF6D4023691]
(No symbol) [0x00007FF6D40248D4]
GetHandleVerifier [0x00007FF6D452B9A2+3610402]
GetHandleVerifier [0x00007FF6D4581870+3962352]
GetHandleVerifier [0x00007FF6D4579D5F+3930847]
GetHandleVerifier [0x00007FF6D4263656+693206]
(No symbol) [0x00007FF6D4141638]
(No symbol) [0x00007FF6D413D944]
(No symbol) [0x00007FF6D413DA72]
(No symbol) [0x00007FF6D412E123]
BaseThreadInitThunk [0x00007FFEE46A7374+20]
RtlUserThreadStart [0x00007FFEE625CC91+33]

at java.base/jdk.internal.reflect.DirectConstructorHandleAccessor.newInstance(DirectConstructorHandleAccessor.java:62)
at java.base/java.lang.reflect.Constructor.newInstanceWithCaller(Constructor.java:502)
at java.base/java.lang.reflect.Constructor.newInstance(Constructor.java:486)
at org.openqa.selenium.remote.W3CHandshakeResponse.lambda$errorHandler$0(W3CHandshakeResponse.java:62)
at org.openqa.selenium.remote.HandshakeResponse.lambda$getResponseFunction$0(HandshakeResponse.java:30)
at org.openqa.selenium.remote.ProtocolHandshake.lambda$createSession$0(ProtocolHandshake.java:126)
at java.base/java.util.stream.ReferencePipeline$3$1.accept(ReferencePipeline.java:197)
at java.base/java.util.Spliterators$ArraySpliterator.tryAdvance(Spliterators.java:1034)
at java.base/java.util.stream.ReferencePipeline.forEachWithCancel(ReferencePipeline.java:129)
at java.base/java.util.stream.AbstractPipeline.copyIntoWithCancel(AbstractPipeline.java:527)
at java.base/java.util.stream.AbstractPipeline.copyInto(AbstractPipeline.java:513)
at java.base/java.util.stream.AbstractPipeline.wrapAndCopyInto(AbstractPipeline.java:499)
at java.base/java.util.stream.FindOps$FindOp.evaluateSequential(FindOps.java:150)
at java.base/java.util.stream.AbstractPipeline.evaluate(AbstractPipeline.java:234)
at java.base/java.util.stream.ReferencePipeline.findFirst(ReferencePipeline.java:647)
at org.openqa.selenium.remote.ProtocolHandshake.createSession(ProtocolHandshake.java:128)
at org.openqa.selenium.remote.ProtocolHandshake.createSession(ProtocolHandshake.java:74)
at org.openqa.selenium.remote.HttpCommandExecutor.execute(HttpCommandExecutor.java:136)
at org.openqa.selenium.remote.service.DriverCommandExecutor.execute(DriverCommandExecutor.java:83)
at org.openqa.selenium.remote.RemoteWebDriver.execute(RemoteWebDriver.java:552)
at org.openqa.selenium.remote.RemoteWebDriver.startSession(RemoteWebDriver.java:213)
at org.openqa.selenium.remote.RemoteWebDriver.<init>(RemoteWebDriver.java:131)
at org.openqa.selenium.chrome.ChromeDriver.<init>(ChromeDriver.java:181)
at org.openqa.selenium.chrome.ChromeDriver.<init>(ChromeDriver.java:168)
at org.openqa.selenium.chrome.ChromeDriver.<init>(ChromeDriver.java:123)
at com.qe.project.base.TestBase.initialization(TestBase.java:58)
at com.qe.project.testcases.Sign_InTest.setUp(Sign_InTest.java:24)
at java.base/jdk.internal.reflect.DirectMethodHandleAccessor.invoke(DirectMethodHandleAccessor.java:103)
at java.base/java.lang.reflect.Method.invoke(Method.java:580)
at org.testng.internal.invokers.MethodInvocationHelper.invokeMethod(MethodInvocationHelper.java:139)
at org.testng.internal.invokers.MethodInvocationHelper.invokeMethodConsideringTimeout(MethodInvocationHelper.java:69)
at org.testng.internal.invokers.ConfigInvoker.invokeConfigurationMethod(ConfigInvoker.java:393)
at org.testng.internal.invokers.ConfigInvoker.invokeConfigurations(ConfigInvoker.java:326)
at org.testng.SuiteRunner.privateRun(SuiteRunner.java:382)
at org.testng.SuiteRunner.run(SuiteRunner.java:336)
at org.testng.SuiteRunnerWorker.runSuite(SuiteRunnerWorker.java:52)
at org.testng.SuiteRunnerWorker.run(SuiteRunnerWorker.java:95)
at org.testng.TestNG.runSuitesSequentially(TestNG.java:1301)
at org.testng.TestNG.runSuitesLocally(TestNG.java:1228)
at org.testng.TestNG.runSuites(TestNG.java:1134)
at org.testng.TestNG.run(TestNG.java:1101)
at org.testng.remote.AbstractRemoteTestNG.run(AbstractRemoteTestNG.java:115)
at org.testng.remote.RemoteTestNG.initAndRun(RemoteTestNG.java:251)
at org.testng.remote.RemoteTestNG.main(RemoteTestNG.java:77)
]]>
    </failure>
  </testcase> <!-- @BeforeSuite setUp -->
  <testcase classname="com.qe.project.testcases.Sign_InTest" name="@BeforeTest SignIn" time="0.0">
    <skipped/>
  </testcase> <!-- @BeforeTest SignIn -->
  <testcase classname="com.qe.project.testcases.Sign_InTest" name="loginTest" time="0.0">
    <skipped/>
  </testcase> <!-- loginTest -->
</testsuite> <!-- Default test -->
